Refreshing org.springframework.context.support.ClassPathXmlApplicationContext@4973813a: startup date [Fri Jan 11 16:20:07 CST 2019]; root of context hierarchy
Loading XML bean definitions from class path resource [applicationContext.xml]
JSR-330 'javax.inject.Inject' annotation found and supported for autowiring
Bean 'cacheManager' of type [org.apache.shiro.cache.ehcache.EhCacheManager] is not eligible for getting processed by all BeanPostProcessors (for example: not eligible for auto-proxying)
Bean 'org.apache.shiro.spring.security.interceptor.AuthorizationAttributeSourceAdvisor#0' of type [org.apache.shiro.spring.security.interceptor.AuthorizationAttributeSourceAdvisor] is not eligible for getting processed by all BeanPostProcessors (for example: not eligible for auto-proxying)
Bean 'org.apache.shiro.authc.credential.HashedCredentialsMatcher#19d37183' of type [org.apache.shiro.authc.credential.HashedCredentialsMatcher] is not eligible for getting processed by all BeanPostProcessors (for example: not eligible for auto-proxying)
Bean 'jdbcRealm' of type [com.huang.shiro.realms.ShiroRealm] is not eligible for getting processed by all BeanPostProcessors (for example: not eligible for auto-proxying)
Bean 'securityManager' of type [org.apache.shiro.web.mgt.DefaultWebSecurityManager] is not eligible for getting processed by all BeanPostProcessors (for example: not eligible for auto-proxying)
Refreshing org.springframework.context.support.ClassPathXmlApplicationContext@4973813a: startup date [Fri Jan 11 16:23:41 CST 2019]; root of context hierarchy
Loading XML bean definitions from class path resource [applicationContext.xml]
JSR-330 'javax.inject.Inject' annotation found and supported for autowiring
Bean 'cacheManager' of type [org.apache.shiro.cache.ehcache.EhCacheManager] is not eligible for getting processed by all BeanPostProcessors (for example: not eligible for auto-proxying)
Bean 'org.apache.shiro.spring.security.interceptor.AuthorizationAttributeSourceAdvisor#0' of type [org.apache.shiro.spring.security.interceptor.AuthorizationAttributeSourceAdvisor] is not eligible for getting processed by all BeanPostProcessors (for example: not eligible for auto-proxying)
Bean 'org.apache.shiro.authc.credential.HashedCredentialsMatcher#19d37183' of type [org.apache.shiro.authc.credential.HashedCredentialsMatcher] is not eligible for getting processed by all BeanPostProcessors (for example: not eligible for auto-proxying)
Bean 'jdbcRealm' of type [com.huang.shiro.realms.ShiroRealm] is not eligible for getting processed by all BeanPostProcessors (for example: not eligible for auto-proxying)
Bean 'securityManager' of type [org.apache.shiro.web.mgt.DefaultWebSecurityManager] is not eligible for getting processed by all BeanPostProcessors (for example: not eligible for auto-proxying)
Refreshing org.springframework.context.support.ClassPathXmlApplicationContext@4973813a: startup date [Fri Jan 11 16:24:16 CST 2019]; root of context hierarchy
Loading XML bean definitions from class path resource [applicationContext.xml]
JSR-330 'javax.inject.Inject' annotation found and supported for autowiring
Bean 'cacheManager' of type [org.apache.shiro.cache.ehcache.EhCacheManager] is not eligible for getting processed by all BeanPostProcessors (for example: not eligible for auto-proxying)
Bean 'org.apache.shiro.spring.security.interceptor.AuthorizationAttributeSourceAdvisor#0' of type [org.apache.shiro.spring.security.interceptor.AuthorizationAttributeSourceAdvisor] is not eligible for getting processed by all BeanPostProcessors (for example: not eligible for auto-proxying)
Bean 'org.apache.shiro.authc.credential.HashedCredentialsMatcher#19d37183' of type [org.apache.shiro.authc.credential.HashedCredentialsMatcher] is not eligible for getting processed by all BeanPostProcessors (for example: not eligible for auto-proxying)
Bean 'jdbcRealm' of type [com.huang.shiro.realms.ShiroRealm] is not eligible for getting processed by all BeanPostProcessors (for example: not eligible for auto-proxying)
Bean 'securityManager' of type [org.apache.shiro.web.mgt.DefaultWebSecurityManager] is not eligible for getting processed by all BeanPostProcessors (for example: not eligible for auto-proxying)
